<?xml version="1.0" encoding="UTF-8"?>
<!-- Generated by org.testng.reporters.JUnitReportReporter -->
<testsuite hostname="F63PR30" failures="0" tests="1" name="TestCases.StoreLoginTest" time="7.101" errors="0" timestamp="2023-03-16T11:50:02 MST" skipped="0">
  <testcase classname="TestCases.StoreLoginTest" name="login" time="7.101"/>
  <system-out/>
</testsuite> <!-- TestCases.StoreLoginTest -->
