<?xml version="1.0" encoding="UTF-8"?>
<!-- Generated by org.testng.reporters.JUnitReportReporter -->
<testsuite hostname="F63PR30" failures="0" tests="1" name="Section11.L04b_TestngXml2" time="0.011" errors="0" timestamp="2023-03-09T11:58:50 MST" skipped="0">
  <testcase classname="Section11.L04b_TestngXml2" name="method7" time="0.011"/>
  <system-out/>
</testsuite> <!-- Section11.L04b_TestngXml2 -->
