<?xml version="1.0" encoding="UTF-8"?>
<!-- Generated by org.testng.reporters.JUnitReportReporter -->
<testsuite hostname="F63PR30" failures="0" tests="1" name="Section11.L11_Parameters" time="7.563" errors="0" timestamp="2023-03-10T12:40:59 MST" skipped="0">
  <testcase classname="Section11.L11_Parameters" name="singnin" time="7.563"/>
  <system-out/>
</testsuite> <!-- Section11.L11_Parameters -->
