<?xml version="1.0" encoding="UTF-8"?>
<!-- Generated by org.testng.reporters.JUnitReportReporter -->
<testsuite hostname="F63PR30" failures="0" tests="2" name="Section11.L17_TestClass" time="6.150" errors="0" timestamp="2023-03-13T16:21:55 MST" skipped="0">
  <testcase classname="Section11.L17_TestClass" name="enterEmail" time="3.078"/>
  <system-out/>
  <testcase classname="Section11.L17_TestClass" name="enterPassword" time="3.072"/>
  <system-out/>
</testsuite> <!-- Section11.L17_TestClass -->
