<?xml version="1.0" encoding="UTF-8"?>
<!-- Generated by org.testng.reporters.JUnitReportReporter -->
<testsuite hostname="F63PR30" failures="0" tests="1" name="Section12.L03_Login" time="5.945" errors="0" timestamp="2023-03-14T16:02:59 MST" skipped="0">
  <testcase classname="Section12.L03_Login" name="singnin" time="5.945"/>
  <system-out/>
</testsuite> <!-- Section12.L03_Login -->
