<?xml version="1.0" encoding="UTF-8"?>
<!-- Generated by org.testng.reporters.JUnitReportReporter -->
<testsuite hostname="F63PR30" failures="0" tests="2" name="Section11.L14_Enabled" time="3.085" errors="0" timestamp="2023-03-13T11:55:12 MST" skipped="1">
  <testcase classname="Section11.L14_Enabled" name="enterPassword" time="3.085"/>
  <system-out/>
  <testcase classname="Section11.L14_Enabled" name="enterEmail">
    <skipped/>
  </testcase> <!-- enterEmail -->
  <system-out/>
</testsuite> <!-- Section11.L14_Enabled -->
