<?xml version="1.0" encoding="UTF-8"?>
<!-- Generated by org.testng.reporters.JUnitReportReporter -->
<testsuite hostname="F63PR30" failures="0" tests="1" name="Section11.L08_Annotations_Pt1" time="6.339" errors="0" timestamp="2023-03-09T12:28:15 MST" skipped="0">
  <testcase classname="Section11.L08_Annotations_Pt1" name="test" time="6.339"/>
  <system-out/>
</testsuite> <!-- Section11.L08_Annotations_Pt1 -->
