<?xml version="1.0" encoding="UTF-8"?>
<!-- Generated by org.testng.reporters.JUnitReportReporter -->
<testsuite hostname="F63PR30" failures="0" tests="1" name="Section11.L02_TestngInstall" time="0.007" errors="0" timestamp="2023-03-09T11:24:52 MST" skipped="0">
  <testcase classname="Section11.L02_TestngInstall" name="helloWorld" time="0.007"/>
  <system-out/>
</testsuite> <!-- Section11.L02_TestngInstall -->
