<?xml version="1.0" encoding="UTF-8"?>
<!-- Generated by org.testng.reporters.JUnitReportReporter -->
<testsuite hostname="F63PR30" failures="0" tests="3" name="Section11.L10b_TestngXml" time="0.007" errors="0" timestamp="2023-03-10T12:31:06 MST" skipped="0">
  <testcase classname="Section11.L10b_TestngXml" name="method3" time="0.001"/>
  <system-out/>
  <testcase classname="Section11.L10b_TestngXml" name="method5" time="0.002"/>
  <system-out/>
  <testcase classname="Section11.L10b_TestngXml" name="method4" time="0.004"/>
  <system-out/>
</testsuite> <!-- Section11.L10b_TestngXml -->
