<?xml version="1.0" encoding="UTF-8"?>
<!-- Generated by org.testng.reporters.JUnitReportReporter -->
<testsuite hostname="F63PR30" failures="0" tests="1" name="Section11.L09_Annotations_Pt2" time="13.427" errors="0" timestamp="2023-03-10T12:08:20 MST" skipped="0">
  <testcase classname="Section11.L09_Annotations_Pt2" name="test" time="13.427"/>
  <system-out/>
</testsuite> <!-- Section11.L09_Annotations_Pt2 -->
