<?xml version="1.0" encoding="UTF-8"?>
<!-- Generated by org.testng.reporters.JUnitReportReporter -->
<testsuite hostname="F63PR30" failures="0" tests="2" name="Section11.L06_Homepage" time="0.007" errors="0" timestamp="2023-03-09T12:04:17 MST" skipped="0">
  <testcase classname="Section11.L06_Homepage" name="Desktop_login" time="0.001"/>
  <system-out/>
  <testcase classname="Section11.L06_Homepage" name="Desktop_addItem" time="0.006"/>
  <system-out/>
</testsuite> <!-- Section11.L06_Homepage -->
