<?xml version="1.0" encoding="UTF-8"?>
<!-- Generated by org.testng.reporters.JUnitReportReporter -->
<testsuite hostname="F63PR30" failures="0" tests="1" name="Section11.L10a_TestngXml" time="0.010" errors="0" timestamp="2023-03-10T12:31:06 MST" skipped="0">
  <testcase classname="Section11.L10a_TestngXml" name="method1" time="0.010"/>
  <system-out/>
</testsuite> <!-- Section11.L10a_TestngXml -->
