<?xml version="1.0" encoding="UTF-8"?>
<!-- Generated by org.testng.reporters.JUnitReportReporter -->
<testsuite hostname="F63PR30" failures="0" tests="3" name="Section11.L13_DependsOnMethod" time="10.321" errors="0" timestamp="2023-03-13T11:52:40 MST" skipped="0">
  <testcase classname="Section11.L13_DependsOnMethod" name="clickButton" time="4.174"/>
  <system-out/>
  <testcase classname="Section11.L13_DependsOnMethod" name="enterPassword" time="3.068"/>
  <system-out/>
  <testcase classname="Section11.L13_DependsOnMethod" name="enterEmail" time="3.079"/>
  <system-out/>
</testsuite> <!-- Section11.L13_DependsOnMethod -->
