<?xml version="1.0" encoding="UTF-8"?>
<!-- Generated by org.testng.reporters.JUnitReportReporter -->
<testsuite hostname="F63PR30" failures="0" tests="2" name="Section11.L04a_TestngXml" time="0.001" errors="0" timestamp="2023-03-09T11:24:52 MST" skipped="0">
  <testcase classname="Section11.L04a_TestngXml" name="method5" time="0.001"/>
  <system-out/>
  <testcase classname="Section11.L04a_TestngXml" name="method6" time="0.000"/>
  <system-out/>
</testsuite> <!-- Section11.L04a_TestngXml -->
