<?xml version="1.0" encoding="UTF-8"?>
<!-- Generated by org.testng.reporters.JUnitReportReporter -->
<testsuite hostname="F63PR30" failures="0" tests="1" name="Section12.L04_Login" time="10.733" errors="0" timestamp="2023-03-14T16:25:07 MST" skipped="0">
  <testcase classname="Section12.L04_Login" name="singnin" time="10.733"/>
  <system-out/>
</testsuite> <!-- Section12.L04_Login -->
