<?xml version="1.0" encoding="UTF-8"?>
<!-- Generated by org.testng.reporters.JUnitReportReporter -->
<testsuite hostname="F63PR30" failures="0" tests="1" name="uk.co.automationtesting.mavenproject.L07_Surefire" time="0.006" errors="0" timestamp="2023-03-15T13:00:39 MST" skipped="0">
  <testcase classname="uk.co.automationtesting.mavenproject.L07_Surefire" name="testng" time="0.006"/>
  <system-out/>
</testsuite> <!-- uk.co.automationtesting.mavenproject.L07_Surefire -->
