<?xml version="1.0" encoding="UTF-8"?>
<!-- Generated by org.testng.reporters.JUnitReportReporter -->
<testsuite hostname="F63PR30" failures="0" tests="1" name="uk.co.automationtesting.mavenproject.AppTest" time="0.009" errors="0" timestamp="2023-03-15T12:37:44 MST" skipped="0">
  <testcase classname="uk.co.automationtesting.mavenproject.AppTest" name="shouldAnswerWithTrue" time="0.009"/>
  <system-out/>
</testsuite> <!-- uk.co.automationtesting.mavenproject.AppTest -->
