<?xml version="1.0" encoding="UTF-8"?>
<!-- Generated by org.testng.reporters.JUnitReportReporter -->
<testsuite hostname="F63PR30" failures="0" tests="1" name="uk.co.automationtesting.mavenproject.L08_Profile" time="0.000" errors="0" timestamp="2023-03-15T13:00:39 MST" skipped="0">
  <testcase classname="uk.co.automationtesting.mavenproject.L08_Profile" name="testng" time="0.000"/>
  <system-out/>
</testsuite> <!-- uk.co.automationtesting.mavenproject.L08_Profile -->
